Build started 14/06/2014 15:50:53.
     1>Project "C:\Users\7zereh\Documents\Visual Studio 2013\Projects\Solution4\Hodograph\Hodograph.vcxproj" on node 2 (Build target(s)).
     1>ClCompile:
         D:\programi\visual studio 2013\VC\bin\CL.exe /c /Zi /nologo /W3 /WX- /sdl /O2 /Oi /Oy- /GL /D WIN32 /D NDEBUG /D _CONSOLE /D _LIB /D _UNICODE /D UNICODE /Gm- /EHsc /MD /GS /Gy /fp:precise /Zc:wchar_t /Zc:forScope /Fo"Release\\" /Fd"Release\vc120.pdb" /Gd /TP /analyze- /errorReport:prompt Hodograph.cpp
         Hodograph.cpp
     1>Hodograph.cpp(50): warning C4244: 'argument' : conversion from 'float' to 'unsigned int', possible loss of data
     1>Hodograph.cpp(54): warning C4244: 'argument' : conversion from 'float' to 'unsigned int', possible loss of data
     1>Hodograph.cpp(81): warning C4305: 'argument' : truncation from 'double' to 'GLfloat'
     1>Hodograph.cpp(82): warning C4305: 'argument' : truncation from 'double' to 'GLfloat'
     1>Hodograph.cpp(96): warning C4244: 'argument' : conversion from 'int' to 'float', possible loss of data
     1>Hodograph.cpp(132): warning C4018: '<' : signed/unsigned mismatch
     1>Hodograph.cpp(168): warning C4018: '<' : signed/unsigned mismatch
     1>Hodograph.cpp(170): warning C4305: 'argument' : truncation from 'double' to 'GLfloat'
     1>Hodograph.cpp(183): warning C4018: '<' : signed/unsigned mismatch
     1>Hodograph.cpp(187): warning C4305: 'argument' : truncation from 'double' to 'GLfloat'
     1>Hodograph.cpp(220): warning C4018: '<' : signed/unsigned mismatch
     1>Hodograph.cpp(229): warning C4305: 'argument' : truncation from 'double' to 'GLfloat'
     1>Hodograph.cpp(230): warning C4305: 'argument' : truncation from 'double' to 'GLfloat'
       Link:
         D:\programi\visual studio 2013\VC\bin\link.exe /ERRORREPORT:PROMPT /OUT:"C:\Users\7zereh\Documents\Visual Studio 2013\Projects\Solution4\Release\Hodograph.exe" /INCREMENTAL:NO /NOLOGO OpenGl32.lib kernel32.lib user32.lib gdi32.lib winspool.lib comdlg32.lib advapi32.lib shell32.lib ole32.lib oleaut32.lib uuid.lib odbc32.lib odbccp32.lib /MANIFEST /MANIFESTUAC:"level='asInvoker' uiAccess='false'" /manifest:embed /DEBUG /PDB:"C:\Users\7zereh\Documents\Visual Studio 2013\Projects\Solution4\Release\Hodograph.pdb" /SUBSYSTEM:CONSOLE /OPT:REF /OPT:ICF /LTCG /TLBID:1 /DYNAMICBASE /NXCOMPAT /IMPLIB:"C:\Users\7zereh\Documents\Visual Studio 2013\Projects\Solution4\Release\Hodograph.lib" /MACHINE:X86 /SAFESEH Release\Hodograph.obj
         Generating code
         Finished generating code
         Hodograph.vcxproj -> C:\Users\7zereh\Documents\Visual Studio 2013\Projects\Solution4\Release\Hodograph.exe
     1>Done Building Project "C:\Users\7zereh\Documents\Visual Studio 2013\Projects\Solution4\Hodograph\Hodograph.vcxproj" (Build target(s)).

Build succeeded.

Time Elapsed 00:00:02.12
